[2026-07-01 01:19:18] INFO in auth_crud: Successful login for hr_head email: hrhead.themadrassevasadan.org from IP: 127.0.0.1
[2026-07-01 01:39:20] INFO in auth_crud: Admin ID 3 logged out from IP: 127.0.0.1
[2026-07-01 01:44:46] INFO in auth_crud: Successful login for hr_head email: hrhead.themadrassevasadan.org from IP: 127.0.0.1
[2026-07-01 01:47:55] INFO in config: Constructing the database URL from environment variables.
[2026-07-01 01:47:55] INFO in database: Database engine created successfully.
[2026-07-01 01:47:56] INFO in main: FastAPI application has started successfully.
[2026-07-01 08:41:10] INFO in config: Constructing the database URL from environment variables.
[2026-07-01 08:41:10] INFO in database: Database engine created successfully.
[2026-07-01 08:41:17] INFO in config: Constructing the database URL from environment variables.
[2026-07-01 08:41:17] INFO in database: Database engine created successfully.
[2026-07-01 08:41:17] INFO in main: FastAPI application has started successfully.
[2026-07-01 08:48:52] ERROR in main: Unhandled error on GET /jobs/public: (pymysql.err.OperationalError) (2013, 'Lost connection to MySQL server during query ([WinError 10054] An existing connection was forcibly closed by the remote host)')
[SQL: SELECT job_posts.job_id AS job_posts_job_id, job_posts.job_posted_by AS job_posts_job_posted_by, job_posts.job_title AS job_posts_job_title, job_posts.job_type AS job_posts_job_type, job_posts.job_description AS job_posts_job_description, job_posts.school_name AS job_posts_school_name, job_posts.department AS job_posts_department, job_posts.location AS job_posts_location, job_posts.programme AS job_posts_programme, job_posts.vacancy_count AS job_posts_vacancy_count, job_posts.min_exp AS job_posts_min_exp, job_posts.max_exp AS job_posts_max_exp, job_posts.skills_required AS job_posts_skills_required, job_posts.education_qualification AS job_posts_education_qualification, job_posts.closing_date AS job_posts_closing_date, job_posts.additional_requirements AS job_posts_additional_requirements, job_posts.job_status AS job_posts_job_status, job_posts.views AS job_posts_views, job_posts.created_at AS job_posts_created_at, job_posts.updated_at AS job_posts_updated_at 
FROM job_posts 
WHERE job_posts.job_status = %(job_status_1)s ORDER BY job_posts.updated_at DESC]
[parameters: {'job_status_1': 'publish'}]
(Background on this error at: https://sqlalche.me/e/20/e3q8)
Traceback (most recent call last):
  File "C:\Tasks\mss-career-portal\.venv\Lib\site-packages\pymysql\connections.py", line 810, in _read_bytes
    data = self._rfile.read(num_bytes)
           ^^^^^^^^^^^^^^^^^^^^^^^^^^^
  File "C:\Users\rames\AppData\Roaming\uv\python\cpython-3.12.12-windows-x86_64-none\Lib\socket.py", line 720, in readinto
    return self._sock.recv_into(b)
           ^^^^^^^^^^^^^^^^^^^^^^^
ConnectionResetError: [WinError 10054] An existing connection was forcibly closed by the remote host

During handling of the above exception, another exception occurred:

Traceback (most recent call last):
  File "C:\Tasks\mss-career-portal\.venv\Lib\site-packages\sqlalchemy\engine\base.py", line 1967, in _exec_single_context
    self.dialect.do_execute(
  File "C:\Tasks\mss-career-portal\.venv\Lib\site-packages\sqlalchemy\engine\default.py", line 952, in do_execute
    cursor.execute(statement, parameters)
  File "C:\Tasks\mss-career-portal\.venv\Lib\site-packages\pymysql\cursors.py", line 159, in execute
    result = self._query(query)
             ^^^^^^^^^^^^^^^^^^
  File "C:\Tasks\mss-career-portal\.venv\Lib\site-packages\pymysql\cursors.py", line 330, in _query
    conn.query(q)
  File "C:\Tasks\mss-career-portal\.venv\Lib\site-packages\pymysql\connections.py", line 582, in query
    self._affected_rows = self._read_query_result(unbuffered=unbuffered)
                          ^^^^^^^^^^^^^^^^^^^^^^^^^^^^^^^^^^^^^^^^^^^^^^
  File "C:\Tasks\mss-career-portal\.venv\Lib\site-packages\pymysql\connections.py", line 847, in _read_query_result
    result.read()
  File "C:\Tasks\mss-career-portal\.venv\Lib\site-packages\pymysql\connections.py", line 1245, in read
    first_packet = self.connection._read_packet()
                   ^^^^^^^^^^^^^^^^^^^^^^^^^^^^^^
  File "C:\Tasks\mss-career-portal\.venv\Lib\site-packages\pymysql\connections.py", line 772, in _read_packet
    packet_header = self._read_bytes(4)
                    ^^^^^^^^^^^^^^^^^^^
  File "C:\Tasks\mss-career-portal\.venv\Lib\site-packages\pymysql\connections.py", line 816, in _read_bytes
    raise err.OperationalError(
pymysql.err.OperationalError: (2013, 'Lost connection to MySQL server during query ([WinError 10054] An existing connection was forcibly closed by the remote host)')

The above exception was the direct cause of the following exception:

Traceback (most recent call last):
  File "C:\Tasks\mss-career-portal\app\main.py", line 38, in dispatch
    return await call_next(request)
           ^^^^^^^^^^^^^^^^^^^^^^^^
  File "C:\Tasks\mss-career-portal\.venv\Lib\site-packages\starlette\middleware\base.py", line 168, in call_next
    raise app_exc from app_exc.__cause__ or app_exc.__context__
  File "C:\Tasks\mss-career-portal\.venv\Lib\site-packages\starlette\middleware\base.py", line 144, in coro
    await self.app(scope, receive_or_disconnect, send_no_error)
  File "C:\Tasks\mss-career-portal\.venv\Lib\site-packages\starlette\middleware\exceptions.py", line 63, in __call__
    await wrap_app_handling_exceptions(self.app, conn)(scope, receive, send)
  File "C:\Tasks\mss-career-portal\.venv\Lib\site-packages\starlette\_exception_handler.py", line 53, in wrapped_app
    raise exc
  File "C:\Tasks\mss-career-portal\.venv\Lib\site-packages\starlette\_exception_handler.py", line 42, in wrapped_app
    await app(scope, receive, sender)
  File "C:\Tasks\mss-career-portal\.venv\Lib\site-packages\fastapi\middleware\asyncexitstack.py", line 18, in __call__
    await self.app(scope, receive, send)
  File "C:\Tasks\mss-career-portal\.venv\Lib\site-packages\starlette\routing.py", line 660, in __call__
    await self.middleware_stack(scope, receive, send)
  File "C:\Tasks\mss-career-portal\.venv\Lib\site-packages\starlette\routing.py", line 680, in app
    await route.handle(scope, receive, send)
  File "C:\Tasks\mss-career-portal\.venv\Lib\site-packages\starlette\routing.py", line 276, in handle
    await self.app(scope, receive, send)
  File "C:\Tasks\mss-career-portal\.venv\Lib\site-packages\fastapi\routing.py", line 134, in app
    await wrap_app_handling_exceptions(app, request)(scope, receive, send)
  File "C:\Tasks\mss-career-portal\.venv\Lib\site-packages\starlette\_exception_handler.py", line 53, in wrapped_app
    raise exc
  File "C:\Tasks\mss-career-portal\.venv\Lib\site-packages\starlette\_exception_handler.py", line 42, in wrapped_app
    await app(scope, receive, sender)
  File "C:\Tasks\mss-career-portal\.venv\Lib\site-packages\fastapi\routing.py", line 120, in app
    response = await f(request)
               ^^^^^^^^^^^^^^^^
  File "C:\Tasks\mss-career-portal\.venv\Lib\site-packages\fastapi\routing.py", line 674, in app
    raw_response = await run_endpoint_function(
                   ^^^^^^^^^^^^^^^^^^^^^^^^^^^^
  File "C:\Tasks\mss-career-portal\.venv\Lib\site-packages\fastapi\routing.py", line 330, in run_endpoint_function
    return await run_in_threadpool(dependant.call, **values)
           ^^^^^^^^^^^^^^^^^^^^^^^^^^^^^^^^^^^^^^^^^^^^^^^^^
  File "C:\Tasks\mss-career-portal\.venv\Lib\site-packages\starlette\concurrency.py", line 32, in run_in_threadpool
    return await anyio.to_thread.run_sync(func)
           ^^^^^^^^^^^^^^^^^^^^^^^^^^^^^^^^^^^^
  File "C:\Tasks\mss-career-portal\.venv\Lib\site-packages\anyio\to_thread.py", line 63, in run_sync
    return await get_async_backend().run_sync_in_worker_thread(
           ^^^^^^^^^^^^^^^^^^^^^^^^^^^^^^^^^^^^^^^^^^^^^^^^^^^^
  File "C:\Tasks\mss-career-portal\.venv\Lib\site-packages\anyio\_backends\_asyncio.py", line 2518, in run_sync_in_worker_thread
    return await future
           ^^^^^^^^^^^^
  File "C:\Tasks\mss-career-portal\.venv\Lib\site-packages\anyio\_backends\_asyncio.py", line 1002, in run
    result = context.run(func, *args)
             ^^^^^^^^^^^^^^^^^^^^^^^^
  File "C:\Tasks\mss-career-portal\app\routes\jobs_route.py", line 205, in get_public_job_posts_route
    job_posts = get_published_job_posts(db, school_name=school_name)
                ^^^^^^^^^^^^^^^^^^^^^^^^^^^^^^^^^^^^^^^^^^^^^^^^^^^^
  File "C:\Tasks\mss-career-portal\app\crud\jobs_crud.py", line 68, in get_published_job_posts
    return query.order_by(JobPost.updated_at.desc()).all()
           ^^^^^^^^^^^^^^^^^^^^^^^^^^^^^^^^^^^^^^^^^^^^^^^
  File "C:\Tasks\mss-career-portal\.venv\Lib\site-packages\sqlalchemy\orm\query.py", line 2711, in all
    return self._iter().all()  # type: ignore
           ^^^^^^^^^^^^
  File "C:\Tasks\mss-career-portal\.venv\Lib\site-packages\sqlalchemy\orm\query.py", line 2864, in _iter
    result: Union[ScalarResult[_T], Result[_T]] = self.session.execute(
                                                  ^^^^^^^^^^^^^^^^^^^^^
  File "C:\Tasks\mss-career-portal\.venv\Lib\site-packages\sqlalchemy\orm\session.py", line 2351, in execute
    return self._execute_internal(
           ^^^^^^^^^^^^^^^^^^^^^^^
  File "C:\Tasks\mss-career-portal\.venv\Lib\site-packages\sqlalchemy\orm\session.py", line 2249, in _execute_internal
    result: Result[Any] = compile_state_cls.orm_execute_statement(
                          ^^^^^^^^^^^^^^^^^^^^^^^^^^^^^^^^^^^^^^^^
  File "C:\Tasks\mss-career-portal\.venv\Lib\site-packages\sqlalchemy\orm\context.py", line 306, in orm_execute_statement
    result = conn.execute(
             ^^^^^^^^^^^^^
  File "C:\Tasks\mss-career-portal\.venv\Lib\site-packages\sqlalchemy\engine\base.py", line 1419, in execute
    return meth(
           ^^^^^
  File "C:\Tasks\mss-career-portal\.venv\Lib\site-packages\sqlalchemy\sql\elements.py", line 527, in _execute_on_connection
    return connection._execute_clauseelement(
           ^^^^^^^^^^^^^^^^^^^^^^^^^^^^^^^^^^
  File "C:\Tasks\mss-career-portal\.venv\Lib\site-packages\sqlalchemy\engine\base.py", line 1641, in _execute_clauseelement
    ret = self._execute_context(
          ^^^^^^^^^^^^^^^^^^^^^^
  File "C:\Tasks\mss-career-portal\.venv\Lib\site-packages\sqlalchemy\engine\base.py", line 1846, in _execute_context
    return self._exec_single_context(
           ^^^^^^^^^^^^^^^^^^^^^^^^^^
  File "C:\Tasks\mss-career-portal\.venv\Lib\site-packages\sqlalchemy\engine\base.py", line 1986, in _exec_single_context
    self._handle_dbapi_exception(
  File "C:\Tasks\mss-career-portal\.venv\Lib\site-packages\sqlalchemy\engine\base.py", line 2363, in _handle_dbapi_exception
    raise sqlalchemy_exception.with_traceback(exc_info[2]) from e
  File "C:\Tasks\mss-career-portal\.venv\Lib\site-packages\sqlalchemy\engine\base.py", line 1967, in _exec_single_context
    self.dialect.do_execute(
  File "C:\Tasks\mss-career-portal\.venv\Lib\site-packages\sqlalchemy\engine\default.py", line 952, in do_execute
    cursor.execute(statement, parameters)
  File "C:\Tasks\mss-career-portal\.venv\Lib\site-packages\pymysql\cursors.py", line 159, in execute
    result = self._query(query)
             ^^^^^^^^^^^^^^^^^^
  File "C:\Tasks\mss-career-portal\.venv\Lib\site-packages\pymysql\cursors.py", line 330, in _query
    conn.query(q)
  File "C:\Tasks\mss-career-portal\.venv\Lib\site-packages\pymysql\connections.py", line 582, in query
    self._affected_rows = self._read_query_result(unbuffered=unbuffered)
                          ^^^^^^^^^^^^^^^^^^^^^^^^^^^^^^^^^^^^^^^^^^^^^^
  File "C:\Tasks\mss-career-portal\.venv\Lib\site-packages\pymysql\connections.py", line 847, in _read_query_result
    result.read()
  File "C:\Tasks\mss-career-portal\.venv\Lib\site-packages\pymysql\connections.py", line 1245, in read
    first_packet = self.connection._read_packet()
                   ^^^^^^^^^^^^^^^^^^^^^^^^^^^^^^
  File "C:\Tasks\mss-career-portal\.venv\Lib\site-packages\pymysql\connections.py", line 772, in _read_packet
    packet_header = self._read_bytes(4)
                    ^^^^^^^^^^^^^^^^^^^
  File "C:\Tasks\mss-career-portal\.venv\Lib\site-packages\pymysql\connections.py", line 816, in _read_bytes
    raise err.OperationalError(
sqlalchemy.exc.OperationalError: (pymysql.err.OperationalError) (2013, 'Lost connection to MySQL server during query ([WinError 10054] An existing connection was forcibly closed by the remote host)')
[SQL: SELECT job_posts.job_id AS job_posts_job_id, job_posts.job_posted_by AS job_posts_job_posted_by, job_posts.job_title AS job_posts_job_title, job_posts.job_type AS job_posts_job_type, job_posts.job_description AS job_posts_job_description, job_posts.school_name AS job_posts_school_name, job_posts.department AS job_posts_department, job_posts.location AS job_posts_location, job_posts.programme AS job_posts_programme, job_posts.vacancy_count AS job_posts_vacancy_count, job_posts.min_exp AS job_posts_min_exp, job_posts.max_exp AS job_posts_max_exp, job_posts.skills_required AS job_posts_skills_required, job_posts.education_qualification AS job_posts_education_qualification, job_posts.closing_date AS job_posts_closing_date, job_posts.additional_requirements AS job_posts_additional_requirements, job_posts.job_status AS job_posts_job_status, job_posts.views AS job_posts_views, job_posts.created_at AS job_posts_created_at, job_posts.updated_at AS job_posts_updated_at 
FROM job_posts 
WHERE job_posts.job_status = %(job_status_1)s ORDER BY job_posts.updated_at DESC]
[parameters: {'job_status_1': 'publish'}]
(Background on this error at: https://sqlalche.me/e/20/e3q8)
[2026-07-01 08:48:53] ERROR in main: Unhandled error on GET /auth/units: (pymysql.err.OperationalError) (2013, 'Lost connection to MySQL server during query ([WinError 10054] An existing connection was forcibly closed by the remote host)')
[SQL: SELECT units.id AS units_id, units.unit_name AS units_unit_name 
FROM units]
(Background on this error at: https://sqlalche.me/e/20/e3q8)
Traceback (most recent call last):
  File "C:\Tasks\mss-career-portal\.venv\Lib\site-packages\pymysql\connections.py", line 810, in _read_bytes
    data = self._rfile.read(num_bytes)
           ^^^^^^^^^^^^^^^^^^^^^^^^^^^
  File "C:\Users\rames\AppData\Roaming\uv\python\cpython-3.12.12-windows-x86_64-none\Lib\socket.py", line 720, in readinto
    return self._sock.recv_into(b)
           ^^^^^^^^^^^^^^^^^^^^^^^
ConnectionResetError: [WinError 10054] An existing connection was forcibly closed by the remote host

During handling of the above exception, another exception occurred:

Traceback (most recent call last):
  File "C:\Tasks\mss-career-portal\.venv\Lib\site-packages\sqlalchemy\engine\base.py", line 1967, in _exec_single_context
    self.dialect.do_execute(
  File "C:\Tasks\mss-career-portal\.venv\Lib\site-packages\sqlalchemy\engine\default.py", line 952, in do_execute
    cursor.execute(statement, parameters)
  File "C:\Tasks\mss-career-portal\.venv\Lib\site-packages\pymysql\cursors.py", line 159, in execute
    result = self._query(query)
             ^^^^^^^^^^^^^^^^^^
  File "C:\Tasks\mss-career-portal\.venv\Lib\site-packages\pymysql\cursors.py", line 330, in _query
    conn.query(q)
  File "C:\Tasks\mss-career-portal\.venv\Lib\site-packages\pymysql\connections.py", line 582, in query
    self._affected_rows = self._read_query_result(unbuffered=unbuffered)
                          ^^^^^^^^^^^^^^^^^^^^^^^^^^^^^^^^^^^^^^^^^^^^^^
  File "C:\Tasks\mss-career-portal\.venv\Lib\site-packages\pymysql\connections.py", line 847, in _read_query_result
    result.read()
  File "C:\Tasks\mss-career-portal\.venv\Lib\site-packages\pymysql\connections.py", line 1245, in read
    first_packet = self.connection._read_packet()
                   ^^^^^^^^^^^^^^^^^^^^^^^^^^^^^^
  File "C:\Tasks\mss-career-portal\.venv\Lib\site-packages\pymysql\connections.py", line 772, in _read_packet
    packet_header = self._read_bytes(4)
                    ^^^^^^^^^^^^^^^^^^^
  File "C:\Tasks\mss-career-portal\.venv\Lib\site-packages\pymysql\connections.py", line 816, in _read_bytes
    raise err.OperationalError(
pymysql.err.OperationalError: (2013, 'Lost connection to MySQL server during query ([WinError 10054] An existing connection was forcibly closed by the remote host)')

The above exception was the direct cause of the following exception:

Traceback (most recent call last):
  File "C:\Tasks\mss-career-portal\app\main.py", line 38, in dispatch
    return await call_next(request)
           ^^^^^^^^^^^^^^^^^^^^^^^^
  File "C:\Tasks\mss-career-portal\.venv\Lib\site-packages\starlette\middleware\base.py", line 168, in call_next
    raise app_exc from app_exc.__cause__ or app_exc.__context__
  File "C:\Tasks\mss-career-portal\.venv\Lib\site-packages\starlette\middleware\base.py", line 144, in coro
    await self.app(scope, receive_or_disconnect, send_no_error)
  File "C:\Tasks\mss-career-portal\.venv\Lib\site-packages\starlette\middleware\exceptions.py", line 63, in __call__
    await wrap_app_handling_exceptions(self.app, conn)(scope, receive, send)
  File "C:\Tasks\mss-career-portal\.venv\Lib\site-packages\starlette\_exception_handler.py", line 53, in wrapped_app
    raise exc
  File "C:\Tasks\mss-career-portal\.venv\Lib\site-packages\starlette\_exception_handler.py", line 42, in wrapped_app
    await app(scope, receive, sender)
  File "C:\Tasks\mss-career-portal\.venv\Lib\site-packages\fastapi\middleware\asyncexitstack.py", line 18, in __call__
    await self.app(scope, receive, send)
  File "C:\Tasks\mss-career-portal\.venv\Lib\site-packages\starlette\routing.py", line 660, in __call__
    await self.middleware_stack(scope, receive, send)
  File "C:\Tasks\mss-career-portal\.venv\Lib\site-packages\starlette\routing.py", line 680, in app
    await route.handle(scope, receive, send)
  File "C:\Tasks\mss-career-portal\.venv\Lib\site-packages\starlette\routing.py", line 276, in handle
    await self.app(scope, receive, send)
  File "C:\Tasks\mss-career-portal\.venv\Lib\site-packages\fastapi\routing.py", line 134, in app
    await wrap_app_handling_exceptions(app, request)(scope, receive, send)
  File "C:\Tasks\mss-career-portal\.venv\Lib\site-packages\starlette\_exception_handler.py", line 53, in wrapped_app
    raise exc
  File "C:\Tasks\mss-career-portal\.venv\Lib\site-packages\starlette\_exception_handler.py", line 42, in wrapped_app
    await app(scope, receive, sender)
  File "C:\Tasks\mss-career-portal\.venv\Lib\site-packages\fastapi\routing.py", line 120, in app
    response = await f(request)
               ^^^^^^^^^^^^^^^^
  File "C:\Tasks\mss-career-portal\.venv\Lib\site-packages\fastapi\routing.py", line 674, in app
    raw_response = await run_endpoint_function(
                   ^^^^^^^^^^^^^^^^^^^^^^^^^^^^
  File "C:\Tasks\mss-career-portal\.venv\Lib\site-packages\fastapi\routing.py", line 330, in run_endpoint_function
    return await run_in_threadpool(dependant.call, **values)
           ^^^^^^^^^^^^^^^^^^^^^^^^^^^^^^^^^^^^^^^^^^^^^^^^^
  File "C:\Tasks\mss-career-portal\.venv\Lib\site-packages\starlette\concurrency.py", line 32, in run_in_threadpool
    return await anyio.to_thread.run_sync(func)
           ^^^^^^^^^^^^^^^^^^^^^^^^^^^^^^^^^^^^
  File "C:\Tasks\mss-career-portal\.venv\Lib\site-packages\anyio\to_thread.py", line 63, in run_sync
    return await get_async_backend().run_sync_in_worker_thread(
           ^^^^^^^^^^^^^^^^^^^^^^^^^^^^^^^^^^^^^^^^^^^^^^^^^^^^
  File "C:\Tasks\mss-career-portal\.venv\Lib\site-packages\anyio\_backends\_asyncio.py", line 2518, in run_sync_in_worker_thread
    return await future
           ^^^^^^^^^^^^
  File "C:\Tasks\mss-career-portal\.venv\Lib\site-packages\anyio\_backends\_asyncio.py", line 1002, in run
    result = context.run(func, *args)
             ^^^^^^^^^^^^^^^^^^^^^^^^
  File "C:\Tasks\mss-career-portal\app\routes\auth_route.py", line 144, in get_units
    units_list = db.query(Units).all()
                 ^^^^^^^^^^^^^^^^^^^^^
  File "C:\Tasks\mss-career-portal\.venv\Lib\site-packages\sqlalchemy\orm\query.py", line 2711, in all
    return self._iter().all()  # type: ignore
           ^^^^^^^^^^^^
  File "C:\Tasks\mss-career-portal\.venv\Lib\site-packages\sqlalchemy\orm\query.py", line 2864, in _iter
    result: Union[ScalarResult[_T], Result[_T]] = self.session.execute(
                                                  ^^^^^^^^^^^^^^^^^^^^^
  File "C:\Tasks\mss-career-portal\.venv\Lib\site-packages\sqlalchemy\orm\session.py", line 2351, in execute
    return self._execute_internal(
           ^^^^^^^^^^^^^^^^^^^^^^^
  File "C:\Tasks\mss-career-portal\.venv\Lib\site-packages\sqlalchemy\orm\session.py", line 2249, in _execute_internal
    result: Result[Any] = compile_state_cls.orm_execute_statement(
                          ^^^^^^^^^^^^^^^^^^^^^^^^^^^^^^^^^^^^^^^^
  File "C:\Tasks\mss-career-portal\.venv\Lib\site-packages\sqlalchemy\orm\context.py", line 306, in orm_execute_statement
    result = conn.execute(
             ^^^^^^^^^^^^^
  File "C:\Tasks\mss-career-portal\.venv\Lib\site-packages\sqlalchemy\engine\base.py", line 1419, in execute
    return meth(
           ^^^^^
  File "C:\Tasks\mss-career-portal\.venv\Lib\site-packages\sqlalchemy\sql\elements.py", line 527, in _execute_on_connection
    return connection._execute_clauseelement(
           ^^^^^^^^^^^^^^^^^^^^^^^^^^^^^^^^^^
  File "C:\Tasks\mss-career-portal\.venv\Lib\site-packages\sqlalchemy\engine\base.py", line 1641, in _execute_clauseelement
    ret = self._execute_context(
          ^^^^^^^^^^^^^^^^^^^^^^
  File "C:\Tasks\mss-career-portal\.venv\Lib\site-packages\sqlalchemy\engine\base.py", line 1846, in _execute_context
    return self._exec_single_context(
           ^^^^^^^^^^^^^^^^^^^^^^^^^^
  File "C:\Tasks\mss-career-portal\.venv\Lib\site-packages\sqlalchemy\engine\base.py", line 1986, in _exec_single_context
    self._handle_dbapi_exception(
  File "C:\Tasks\mss-career-portal\.venv\Lib\site-packages\sqlalchemy\engine\base.py", line 2363, in _handle_dbapi_exception
    raise sqlalchemy_exception.with_traceback(exc_info[2]) from e
  File "C:\Tasks\mss-career-portal\.venv\Lib\site-packages\sqlalchemy\engine\base.py", line 1967, in _exec_single_context
    self.dialect.do_execute(
  File "C:\Tasks\mss-career-portal\.venv\Lib\site-packages\sqlalchemy\engine\default.py", line 952, in do_execute
    cursor.execute(statement, parameters)
  File "C:\Tasks\mss-career-portal\.venv\Lib\site-packages\pymysql\cursors.py", line 159, in execute
    result = self._query(query)
             ^^^^^^^^^^^^^^^^^^
  File "C:\Tasks\mss-career-portal\.venv\Lib\site-packages\pymysql\cursors.py", line 330, in _query
    conn.query(q)
  File "C:\Tasks\mss-career-portal\.venv\Lib\site-packages\pymysql\connections.py", line 582, in query
    self._affected_rows = self._read_query_result(unbuffered=unbuffered)
                          ^^^^^^^^^^^^^^^^^^^^^^^^^^^^^^^^^^^^^^^^^^^^^^
  File "C:\Tasks\mss-career-portal\.venv\Lib\site-packages\pymysql\connections.py", line 847, in _read_query_result
    result.read()
  File "C:\Tasks\mss-career-portal\.venv\Lib\site-packages\pymysql\connections.py", line 1245, in read
    first_packet = self.connection._read_packet()
                   ^^^^^^^^^^^^^^^^^^^^^^^^^^^^^^
  File "C:\Tasks\mss-career-portal\.venv\Lib\site-packages\pymysql\connections.py", line 772, in _read_packet
    packet_header = self._read_bytes(4)
                    ^^^^^^^^^^^^^^^^^^^
  File "C:\Tasks\mss-career-portal\.venv\Lib\site-packages\pymysql\connections.py", line 816, in _read_bytes
    raise err.OperationalError(
sqlalchemy.exc.OperationalError: (pymysql.err.OperationalError) (2013, 'Lost connection to MySQL server during query ([WinError 10054] An existing connection was forcibly closed by the remote host)')
[SQL: SELECT units.id AS units_id, units.unit_name AS units_unit_name 
FROM units]
(Background on this error at: https://sqlalche.me/e/20/e3q8)
[2026-07-01 08:57:15] INFO in auth_crud: Successful login for hr_head email: hrhead.themadrassevasadan.org from IP: 127.0.0.1
[2026-07-01 08:57:39] ERROR in main: Unhandled error on GET /jobs/applicants/17: 'applied' is not among the defined enum values. Enum name: candidatestatus. Possible values: rejected, interview_p.., ineligible, screened
Traceback (most recent call last):
  File "C:\Tasks\mss-career-portal\.venv\Lib\site-packages\sqlalchemy\sql\sqltypes.py", line 1709, in _object_value_for_elem
    return self._object_lookup[elem]  # type: ignore[return-value]
           ~~~~~~~~~~~~~~~~~~~^^^^^^
KeyError: 'applied'

The above exception was the direct cause of the following exception:

Traceback (most recent call last):
  File "C:\Tasks\mss-career-portal\app\main.py", line 38, in dispatch
    return await call_next(request)
           ^^^^^^^^^^^^^^^^^^^^^^^^
  File "C:\Tasks\mss-career-portal\.venv\Lib\site-packages\starlette\middleware\base.py", line 168, in call_next
    raise app_exc from app_exc.__cause__ or app_exc.__context__
  File "C:\Tasks\mss-career-portal\.venv\Lib\site-packages\starlette\middleware\base.py", line 144, in coro
    await self.app(scope, receive_or_disconnect, send_no_error)
  File "C:\Tasks\mss-career-portal\.venv\Lib\site-packages\starlette\middleware\exceptions.py", line 63, in __call__
    await wrap_app_handling_exceptions(self.app, conn)(scope, receive, send)
  File "C:\Tasks\mss-career-portal\.venv\Lib\site-packages\starlette\_exception_handler.py", line 53, in wrapped_app
    raise exc
  File "C:\Tasks\mss-career-portal\.venv\Lib\site-packages\starlette\_exception_handler.py", line 42, in wrapped_app
    await app(scope, receive, sender)
  File "C:\Tasks\mss-career-portal\.venv\Lib\site-packages\fastapi\middleware\asyncexitstack.py", line 18, in __call__
    await self.app(scope, receive, send)
  File "C:\Tasks\mss-career-portal\.venv\Lib\site-packages\starlette\routing.py", line 660, in __call__
    await self.middleware_stack(scope, receive, send)
  File "C:\Tasks\mss-career-portal\.venv\Lib\site-packages\starlette\routing.py", line 680, in app
    await route.handle(scope, receive, send)
  File "C:\Tasks\mss-career-portal\.venv\Lib\site-packages\starlette\routing.py", line 276, in handle
    await self.app(scope, receive, send)
  File "C:\Tasks\mss-career-portal\.venv\Lib\site-packages\fastapi\routing.py", line 134, in app
    await wrap_app_handling_exceptions(app, request)(scope, receive, send)
  File "C:\Tasks\mss-career-portal\.venv\Lib\site-packages\starlette\_exception_handler.py", line 53, in wrapped_app
    raise exc
  File "C:\Tasks\mss-career-portal\.venv\Lib\site-packages\starlette\_exception_handler.py", line 42, in wrapped_app
    await app(scope, receive, sender)
  File "C:\Tasks\mss-career-portal\.venv\Lib\site-packages\fastapi\routing.py", line 120, in app
    response = await f(request)
               ^^^^^^^^^^^^^^^^
  File "C:\Tasks\mss-career-portal\.venv\Lib\site-packages\fastapi\routing.py", line 674, in app
    raw_response = await run_endpoint_function(
                   ^^^^^^^^^^^^^^^^^^^^^^^^^^^^
  File "C:\Tasks\mss-career-portal\.venv\Lib\site-packages\fastapi\routing.py", line 330, in run_endpoint_function
    return await run_in_threadpool(dependant.call, **values)
           ^^^^^^^^^^^^^^^^^^^^^^^^^^^^^^^^^^^^^^^^^^^^^^^^^
  File "C:\Tasks\mss-career-portal\.venv\Lib\site-packages\starlette\concurrency.py", line 32, in run_in_threadpool
    return await anyio.to_thread.run_sync(func)
           ^^^^^^^^^^^^^^^^^^^^^^^^^^^^^^^^^^^^
  File "C:\Tasks\mss-career-portal\.venv\Lib\site-packages\anyio\to_thread.py", line 63, in run_sync
    return await get_async_backend().run_sync_in_worker_thread(
           ^^^^^^^^^^^^^^^^^^^^^^^^^^^^^^^^^^^^^^^^^^^^^^^^^^^^
  File "C:\Tasks\mss-career-portal\.venv\Lib\site-packages\anyio\_backends\_asyncio.py", line 2518, in run_sync_in_worker_thread
    return await future
           ^^^^^^^^^^^^
  File "C:\Tasks\mss-career-portal\.venv\Lib\site-packages\anyio\_backends\_asyncio.py", line 1002, in run
    result = context.run(func, *args)
             ^^^^^^^^^^^^^^^^^^^^^^^^
  File "C:\Tasks\mss-career-portal\app\routes\jobs_route.py", line 746, in get_applicant_detail_route
    .all()
     ^^^^^
  File "C:\Tasks\mss-career-portal\.venv\Lib\site-packages\sqlalchemy\orm\query.py", line 2711, in all
    return self._iter().all()  # type: ignore
           ^^^^^^^^^^^^^^^^^^
  File "C:\Tasks\mss-career-portal\.venv\Lib\site-packages\sqlalchemy\engine\result.py", line 1799, in all
    return self._allrows()
           ^^^^^^^^^^^^^^^
  File "C:\Tasks\mss-career-portal\.venv\Lib\site-packages\sqlalchemy\engine\result.py", line 560, in _allrows
    rows = self._fetchall_impl()
           ^^^^^^^^^^^^^^^^^^^^^
  File "C:\Tasks\mss-career-portal\.venv\Lib\site-packages\sqlalchemy\engine\result.py", line 1706, in _fetchall_impl
    return self._real_result._fetchall_impl()
           ^^^^^^^^^^^^^^^^^^^^^^^^^^^^^^^^^^
  File "C:\Tasks\mss-career-portal\.venv\Lib\site-packages\sqlalchemy\engine\result.py", line 2310, in _fetchall_impl
    return list(self.iterator)
           ^^^^^^^^^^^^^^^^^^^
  File "C:\Tasks\mss-career-portal\.venv\Lib\site-packages\sqlalchemy\orm\loading.py", line 220, in chunks
    fetch = cursor._raw_all_rows()
            ^^^^^^^^^^^^^^^^^^^^^^
  File "C:\Tasks\mss-career-portal\.venv\Lib\site-packages\sqlalchemy\engine\result.py", line 553, in _raw_all_rows
    return [make_row(row) for row in rows]
            ^^^^^^^^^^^^^
  File "lib/sqlalchemy/cyextension/resultproxy.pyx", line 22, in sqlalchemy.cyextension.resultproxy.BaseRow.__init__
  File "lib/sqlalchemy/cyextension/resultproxy.pyx", line 79, in sqlalchemy.cyextension.resultproxy._apply_processors
  File "C:\Tasks\mss-career-portal\.venv\Lib\site-packages\sqlalchemy\sql\sqltypes.py", line 1829, in process
    value = self._object_value_for_elem(value)
            ^^^^^^^^^^^^^^^^^^^^^^^^^^^^^^^^^^
  File "C:\Tasks\mss-career-portal\.venv\Lib\site-packages\sqlalchemy\dialects\mysql\enumerated.py", line 110, in _object_value_for_elem
    return super()._object_value_for_elem(elem)
           ^^^^^^^^^^^^^^^^^^^^^^^^^^^^^^^^^^^^
  File "C:\Tasks\mss-career-portal\.venv\Lib\site-packages\sqlalchemy\sql\sqltypes.py", line 1711, in _object_value_for_elem
    raise LookupError(
LookupError: 'applied' is not among the defined enum values. Enum name: candidatestatus. Possible values: rejected, interview_p.., ineligible, screened
[2026-07-01 08:59:20] INFO in config: Constructing the database URL from environment variables.
[2026-07-01 08:59:20] INFO in database: Database engine created successfully.
[2026-07-01 08:59:20] INFO in main: FastAPI application has started successfully.
[2026-07-01 09:05:58] INFO in config: Constructing the database URL from environment variables.
[2026-07-01 09:05:58] INFO in database: Database engine created successfully.
[2026-07-01 09:05:59] INFO in main: FastAPI application has started successfully.
[2026-07-01 09:06:22] INFO in config: Constructing the database URL from environment variables.
[2026-07-01 09:06:22] INFO in database: Database engine created successfully.
[2026-07-01 09:06:23] INFO in main: FastAPI application has started successfully.
[2026-07-01 09:08:13] INFO in config: Constructing the database URL from environment variables.
[2026-07-01 09:08:13] INFO in database: Database engine created successfully.
[2026-07-01 09:08:14] INFO in main: FastAPI application has started successfully.
[2026-07-01 09:08:45] INFO in config: Constructing the database URL from environment variables.
[2026-07-01 09:08:45] INFO in database: Database engine created successfully.
[2026-07-01 09:08:45] INFO in main: FastAPI application has started successfully.
[2026-07-01 09:08:51] INFO in config: Constructing the database URL from environment variables.
[2026-07-01 09:08:51] INFO in database: Database engine created successfully.
[2026-07-01 09:08:52] INFO in main: FastAPI application has started successfully.
[2026-07-01 09:34:30] INFO in auth_crud: Admin ID 3 logged out from IP: 127.0.0.1
[2026-07-01 09:37:38] INFO in auth_crud: Successful login for hr_head email: hrhead.themadrassevasadan.org from IP: 127.0.0.1
[2026-07-01 10:34:35] INFO in auth_crud: Admin ID 3 logged out from IP: 127.0.0.1
[2026-07-01 10:50:55] INFO in auth_crud: Successful login for hr_head email: hrhead.themadrassevasadan.org from IP: 127.0.0.1
[2026-07-01 10:54:26] INFO in auth_crud: Admin ID 3 logged out from IP: 127.0.0.1
[2026-07-01 10:55:10] INFO in auth_crud: Successful login for hr_head email: hrhead.themadrassevasadan.org from IP: 127.0.0.1
[2026-07-01 11:07:35] INFO in jobs_crud: Job post created by admin 3
[2026-07-01 11:07:38] INFO in auth_crud: Admin ID 3 logged out from IP: 127.0.0.1
[2026-07-01 11:13:41] INFO in auth_crud: Successful login for hr_head email: hrhead.themadrassevasadan.org from IP: 127.0.0.1
[2026-07-01 11:13:58] WARNING in jobs_crud: Job post not found: 27
